<?xml version="1.0" encoding="UTF-8"?>
<!-- Generated by org.testng.reporters.JUnitXMLReporter -->
<testsuite ignored="1" hostname="LAPTOP-GQGQPERM" failures="0" tests="2" name="Default test" time="12.395" errors="0" timestamp="2025-03-09T09:52:54 IST">
  <testcase classname="PageTests.LoginTests" name="Loginpage" time="0.8"/>
  <testcase classname="PageTests.LoginTests" name="Itemsadd" time="1.835"/>
  <testcase classname="PageTests.LoginTests" name="checkoutpageverify" time="0.0">
    <ignored/>
  </testcase> <!-- checkoutpageverify -->
</testsuite> <!-- Default test -->
