<?xml version="1.0" encoding="UTF-8"?>
<!-- Generated by org.testng.reporters.JUnitXMLReporter -->
<testsuite ignored="4" hostname="LAPTOP-GQGQPERM" failures="0" tests="4" name="Examples" time="26.118" errors="0" timestamp="2025-03-11T12:36:18 IST">
  <testcase classname="PageTests.LoginTests" name="Exu" time="0.025"/>
  <testcase classname="PageTests.LoginTests" name="Exu" time="0.004"/>
  <testcase classname="PageTests.LoginTests" name="Exu" time="0.003"/>
  <testcase classname="PageTests.LoginTests" name="Exu" time="0.007"/>
  <testcase classname="PageTests.LoginTests" name="Excell" time="0.0">
    <ignored/>
  </testcase> <!-- Excell -->
  <testcase classname="PageTests.LoginTests" name="checkoutpageverify" time="0.0">
    <ignored/>
  </testcase> <!-- checkoutpageverify -->
  <testcase classname="PageTests.LoginTests" name="Loginpage" time="0.0">
    <ignored/>
  </testcase> <!-- Loginpage -->
  <testcase classname="PageTests.LoginTests" name="Itemsadd" time="0.0">
    <ignored/>
  </testcase> <!-- Itemsadd -->
</testsuite> <!-- Examples -->
