<?xml version="1.0" encoding="UTF-8"?>
<!-- Generated by org.testng.reporters.JUnitXMLReporter -->
<testsuite ignored="1" hostname="LAPTOP-GQGQPERM" failures="0" tests="2" name="Test" time="10.051" errors="0" timestamp="2025-03-09T12:13:51 IST">
  <testcase classname="PageTests.LoginTests" name="Loginpage" time="0.509"/>
  <testcase classname="PageTests.LoginTests" name="checkoutpageverify" time="1.126"/>
  <testcase classname="PageTests.LoginTests" name="Itemsadd" time="0.0">
    <ignored/>
  </testcase> <!-- Itemsadd -->
</testsuite> <!-- Test -->
