<?xml version="1.0" encoding="UTF-8"?>
<testng-results ignored="4" total="8" passed="4" failed="0" skipped="0">
  <reporter-output>
  </reporter-output>
  <suite started-at="2025-03-11T12:35:51 IST" name="Suite" finished-at="2025-03-11T12:36:17 IST" duration-ms="26118">
    <groups>
      <group name="e">
        <method signature="LoginTests.Exu(java.lang.String,java.lang.String)[pri:0, instance:PageTests.LoginTests@6f43c82]" name="Exu" class="PageTests.LoginTests"/>
      </group> <!-- e -->
    </groups>
    <test started-at="2025-03-11T12:35:51 IST" name="Examples" finished-at="2025-03-11T12:36:17 IST" duration-ms="26118">
      <class name="PageTests.LoginTests">
        <test-method is-config="true" signature="setup()[pri:0, instance:PageTests.LoginTests@6f43c82]" started-at="2025-03-11T12:35:54 IST" name="setup" finished-at="2025-03-11T12:36:01 IST" duration-ms="6437" status="PASS">
          <reporter-output>
          </reporter-output>
        </test-method> <!-- setup -->
        <test-method signature="Exu(java.lang.String,java.lang.String)[pri:0, instance:PageTests.LoginTests@6f43c82]" started-at="2025-03-11T12:36:01 IST" name="Exu" data-provider="sso" finished-at="2025-03-11T12:36:01 IST" duration-ms="25" status="PASS">
          <params>
            <param index="0">
              <value>
                <![CDATA[standard_user]]>
              </value>
            </param>
            <param index="1">
              <value>
                <![CDATA[secret_sauce]]>
              </value>
            </param>
          </params>
          <reporter-output>
          </reporter-output>
        </test-method> <!-- Exu -->
        <test-method is-config="true" signature="teardown()[pri:0, instance:PageTests.LoginTests@6f43c82]" started-at="2025-03-11T12:36:01 IST" name="teardown" finished-at="2025-03-11T12:36:02 IST" duration-ms="1586" status="PASS">
          <reporter-output>
          </reporter-output>
        </test-method> <!-- teardown -->
        <test-method is-config="true" signature="setup()[pri:0, instance:PageTests.LoginTests@6f43c82]" started-at="2025-03-11T12:36:02 IST" name="setup" finished-at="2025-03-11T12:36:06 IST" duration-ms="3517" status="PASS">
          <reporter-output>
          </reporter-output>
        </test-method> <!-- setup -->
        <test-method signature="Exu(java.lang.String,java.lang.String)[pri:0, instance:PageTests.LoginTests@6f43c82]" started-at="2025-03-11T12:36:06 IST" name="Exu" data-provider="sso" finished-at="2025-03-11T12:36:06 IST" duration-ms="4" status="PASS">
          <params>
            <param index="0">
              <value>
                <![CDATA[standard_user]]>
              </value>
            </param>
            <param index="1">
              <value>
                <![CDATA[secret_sauce]]>
              </value>
            </param>
          </params>
          <reporter-output>
          </reporter-output>
        </test-method> <!-- Exu -->
        <test-method is-config="true" signature="teardown()[pri:0, instance:PageTests.LoginTests@6f43c82]" started-at="2025-03-11T12:36:06 IST" name="teardown" finished-at="2025-03-11T12:36:07 IST" duration-ms="1426" status="PASS">
          <reporter-output>
          </reporter-output>
        </test-method> <!-- teardown -->
        <test-method is-config="true" signature="setup()[pri:0, instance:PageTests.LoginTests@6f43c82]" started-at="2025-03-11T12:36:07 IST" name="setup" finished-at="2025-03-11T12:36:11 IST" duration-ms="3623" status="PASS">
          <reporter-output>
          </reporter-output>
        </test-method> <!-- setup -->
        <test-method signature="Exu(java.lang.String,java.lang.String)[pri:0, instance:PageTests.LoginTests@6f43c82]" started-at="2025-03-11T12:36:11 IST" name="Exu" data-provider="sso" finished-at="2025-03-11T12:36:11 IST" duration-ms="3" status="PASS">
          <params>
            <param index="0">
              <value>
                <![CDATA[12]]>
              </value>
            </param>
            <param index="1">
              <value>
                <![CDATA[54]]>
              </value>
            </param>
          </params>
          <reporter-output>
          </reporter-output>
        </test-method> <!-- Exu -->
        <test-method is-config="true" signature="teardown()[pri:0, instance:PageTests.LoginTests@6f43c82]" started-at="2025-03-11T12:36:11 IST" name="teardown" finished-at="2025-03-11T12:36:12 IST" duration-ms="1496" status="PASS">
          <reporter-output>
          </reporter-output>
        </test-method> <!-- teardown -->
        <test-method is-config="true" signature="setup()[pri:0, instance:PageTests.LoginTests@6f43c82]" started-at="2025-03-11T12:36:12 IST" name="setup" finished-at="2025-03-11T12:36:16 IST" duration-ms="3498" status="PASS">
          <reporter-output>
          </reporter-output>
        </test-method> <!-- setup -->
        <test-method signature="Exu(java.lang.String,java.lang.String)[pri:0, instance:PageTests.LoginTests@6f43c82]" started-at="2025-03-11T12:36:16 IST" name="Exu" data-provider="sso" finished-at="2025-03-11T12:36:16 IST" duration-ms="7" status="PASS">
          <params>
            <param index="0">
              <value>
                <![CDATA[346]]>
              </value>
            </param>
            <param index="1">
              <value>
                <![CDATA[54]]>
              </value>
            </param>
          </params>
          <reporter-output>
          </reporter-output>
        </test-method> <!-- Exu -->
        <test-method is-config="true" signature="teardown()[pri:0, instance:PageTests.LoginTests@6f43c82]" started-at="2025-03-11T12:36:16 IST" name="teardown" finished-at="2025-03-11T12:36:17 IST" duration-ms="1557" status="PASS">
          <reporter-output>
          </reporter-output>
        </test-method> <!-- teardown -->
      </class> <!-- PageTests.LoginTests -->
    </test> <!-- Examples -->
  </suite> <!-- Suite -->
</testng-results>
